%!Adobe-FontList 1.24
%Locale:0x804

%BeginFont
Handler:DirectoryHandler
FontType:TrueType
FontName:FZJLJW--GB1-0
FamilyName:FZJingLeiS-R-GB
StyleName:Regular
FullName:FZJingLeiS-R-GB
MenuName:方正静蕾简体
StyleBits:0
FamilyNameNative:方正静蕾简体
StyleNameNative:Regular
FullNameNative:方正静蕾简体
WritingScript:SimplifiedChinese
OutlineFileName:D:\TapePlayer\Font\001.ttf
DataFormat:sfntData
hasSVG:no
hasCOLR:no
VariableFontType:NonVariableFont
FileLength:7244729
FileModTime:1177681256
WeightClass:400
WidthClass:5
AngleClass:0
NameArray:0,Mac,4,FZJingLeiS-R-GB
NameArray:0,Win,1,FZJingLeiS-R-GB
NameArray:25,Win,1,方正静蕾简体
%EndFont

